<?xml version="1.0" encoding="UTF-8"?>
<!-- Generated by org.testng.reporters.JUnitReportReporter -->
<testsuite hostname="localhost" name="com.stocksValidation.StockDeclineTest" tests="3" failures="0" timestamp="1 May 2016 16:36:12 GMT" time="29.060" errors="0">
  <testcase name="validateFirstElementIsDeclines" time="8.333" classname="com.stocksValidation.StockDeclineTest"/>
  <testcase name="validateSecondElementInDeclinesIsInt" time="8.407" classname="com.stocksValidation.StockDeclineTest"/>
  <testcase name="matchDeclinesInHeadingAndTable" time="12.320" classname="com.stocksValidation.StockDeclineTest"/>
</testsuite> <!-- com.stocksValidation.StockDeclineTest -->
