<?xml version="1.0" encoding="UTF-8"?>
<!-- Generated by org.testng.reporters.JUnitReportReporter -->
<testsuite hostname="localhost" name="com.stocksValidation.PageSetupTest" tests="2" failures="0" timestamp="1 May 2016 16:36:12 GMT" time="18.736" errors="0">
  <testcase name="validateStocksPageUIelements" time="10.450" classname="com.stocksValidation.PageSetupTest"/>
  <testcase name="validateStocksPageLoads" time="8.286" classname="com.stocksValidation.PageSetupTest"/>
</testsuite> <!-- com.stocksValidation.PageSetupTest -->
