<?xml version="1.0" encoding="UTF-8"?>
<!-- Generated by org.testng.reporters.JUnitReportReporter -->
<testsuite hostname="localhost" name="com.stocksValidation.ChangePercentDescendingTest" tests="1" failures="0" timestamp="1 May 2016 16:36:12 GMT" time="9.936" errors="0">
  <testcase name="changePercentIsDescending" time="9.936" classname="com.stocksValidation.ChangePercentDescendingTest"/>
</testsuite> <!-- com.stocksValidation.ChangePercentDescendingTest -->
