<?xml version="1.0" encoding="UTF-8"?>
<!-- Generated by org.testng.reporters.JUnitReportReporter -->
<testsuite hostname="localhost" name="com.stocksValidation.StockAdvanceTest" tests="3" failures="0" timestamp="1 May 2016 16:36:12 GMT" time="27.066" errors="0">
  <testcase name="validateSecondElementInAdvacesIsInt" time="8.226" classname="com.stocksValidation.StockAdvanceTest"/>
  <testcase name="validateFirstElementIsAdvances" time="8.280" classname="com.stocksValidation.StockAdvanceTest"/>
  <testcase name="matchAdvancesInHeadingAndTable" time="10.560" classname="com.stocksValidation.StockAdvanceTest"/>
</testsuite> <!-- com.stocksValidation.StockAdvanceTest -->
